<?xml version="1.0" encoding="UTF-8"?>
<!-- Generated by org.testng.reporters.JUnitReportReporter -->
<testsuite hostname="LAPTOP-MBA8U8KR" failures="0" tests="2" name="runners.MainRunner" time="18.900" errors="0" timestamp="2023-12-04T09:05:35 CET" skipped="0">
  <testcase classname="runners.MainRunner" name="runScenario" time="9.106"/>
  <testcase classname="runners.MainRunner" name="runScenario" time="9.794"/>
</testsuite> <!-- runners.MainRunner -->
